<?xml version="1.0" encoding="UTF-8"?>
<coverage generated="1609465148911" clover="3.2.0">
  <project timestamp="1609465148912" name="All files">
    <metrics statements="76" coveredstatements="76" conditionals="8" coveredconditionals="8" methods="38" coveredmethods="38" elements="122" coveredelements="122" complexity="0" loc="76" ncloc="76" packages="3" files="19" classes="19"/>
    <package name="datasource">
      <metrics statements="7" coveredstatements="7" conditionals="4" coveredconditionals="4" methods="2" coveredmethods="2"/>
      <file name="authentication.model.ts" path="/Users/mauro.almeida/Projects/repositories/firebase-auth/src/core/datasource/authentication.model.ts">
        <metrics statements="7" coveredstatements="7" conditionals="4" coveredconditionals="4" methods="2" coveredmethods="2"/>
        <line num="9" count="4" type="cond" truecount="2" falsecount="0"/>
        <line num="10" count="4" type="stmt"/>
        <line num="11" count="4" type="stmt"/>
        <line num="14" count="4" type="cond" truecount="2" falsecount="0"/>
        <line num="15" count="4" type="stmt"/>
        <line num="16" count="4" type="stmt"/>
        <line num="17" count="4" type="stmt"/>
      </file>
    </package>
    <package name="presentation.handler">
      <metrics statements="36" coveredstatements="36" conditionals="0" coveredconditionals="0" methods="18" coveredmethods="18"/>
      <file name="authenticate.handler.ts" path="/Users/mauro.almeida/Projects/repositories/firebase-auth/src/core/presentation/handler/authenticate.handler.ts">
        <metrics statements="4" coveredstatements="4" conditionals="0" coveredconditionals="0" methods="2" coveredmethods="2"/>
        <line num="1" count="1" type="stmt"/>
        <line num="5" count="1" type="stmt"/>
        <line num="8" count="3" type="stmt"/>
        <line num="9" count="3" type="stmt"/>
      </file>
      <file name="banUser.handler.ts" path="/Users/mauro.almeida/Projects/repositories/firebase-auth/src/core/presentation/handler/banUser.handler.ts">
        <metrics statements="4" coveredstatements="4" conditionals="0" coveredconditionals="0" methods="2" coveredmethods="2"/>
        <line num="3" count="1" type="stmt"/>
        <line num="5" count="1" type="stmt"/>
        <line num="8" count="1" type="stmt"/>
        <line num="9" count="1" type="stmt"/>
      </file>
      <file name="change-password.handler.ts" path="/Users/mauro.almeida/Projects/repositories/firebase-auth/src/core/presentation/handler/change-password.handler.ts">
        <metrics statements="4" coveredstatements="4" conditionals="0" coveredconditionals="0" methods="2" coveredmethods="2"/>
        <line num="2" count="1" type="stmt"/>
        <line num="4" count="1" type="stmt"/>
        <line num="7" count="1" type="stmt"/>
        <line num="8" count="1" type="stmt"/>
      </file>
      <file name="delete-user.handler.ts" path="/Users/mauro.almeida/Projects/repositories/firebase-auth/src/core/presentation/handler/delete-user.handler.ts">
        <metrics statements="4" coveredstatements="4" conditionals="0" coveredconditionals="0" methods="2" coveredmethods="2"/>
        <line num="2" count="1" type="stmt"/>
        <line num="4" count="1" type="stmt"/>
        <line num="7" count="1" type="stmt"/>
        <line num="8" count="1" type="stmt"/>
      </file>
      <file name="reset-password-email.handler.ts" path="/Users/mauro.almeida/Projects/repositories/firebase-auth/src/core/presentation/handler/reset-password-email.handler.ts">
        <metrics statements="4" coveredstatements="4" conditionals="0" coveredconditionals="0" methods="2" coveredmethods="2"/>
        <line num="2" count="1" type="stmt"/>
        <line num="4" count="1" type="stmt"/>
        <line num="7" count="1" type="stmt"/>
        <line num="8" count="1" type="stmt"/>
      </file>
      <file name="sign-in.handler.ts" path="/Users/mauro.almeida/Projects/repositories/firebase-auth/src/core/presentation/handler/sign-in.handler.ts">
        <metrics statements="4" coveredstatements="4" conditionals="0" coveredconditionals="0" methods="2" coveredmethods="2"/>
        <line num="1" count="1" type="stmt"/>
        <line num="5" count="1" type="stmt"/>
        <line num="8" count="1" type="stmt"/>
        <line num="9" count="1" type="stmt"/>
      </file>
      <file name="sign-out.handler.ts" path="/Users/mauro.almeida/Projects/repositories/firebase-auth/src/core/presentation/handler/sign-out.handler.ts">
        <metrics statements="4" coveredstatements="4" conditionals="0" coveredconditionals="0" methods="2" coveredmethods="2"/>
        <line num="2" count="1" type="stmt"/>
        <line num="4" count="1" type="stmt"/>
        <line num="7" count="1" type="stmt"/>
        <line num="8" count="1" type="stmt"/>
      </file>
      <file name="sign-up.handler.ts" path="/Users/mauro.almeida/Projects/repositories/firebase-auth/src/core/presentation/handler/sign-up.handler.ts">
        <metrics statements="4" coveredstatements="4" conditionals="0" coveredconditionals="0" methods="2" coveredmethods="2"/>
        <line num="1" count="1" type="stmt"/>
        <line num="5" count="1" type="stmt"/>
        <line num="8" count="1" type="stmt"/>
        <line num="9" count="1" type="stmt"/>
      </file>
      <file name="unbanUser.handler.ts" path="/Users/mauro.almeida/Projects/repositories/firebase-auth/src/core/presentation/handler/unbanUser.handler.ts">
        <metrics statements="4" coveredstatements="4" conditionals="0" coveredconditionals="0" methods="2" coveredmethods="2"/>
        <line num="2" count="1" type="stmt"/>
        <line num="4" count="1" type="stmt"/>
        <line num="7" count="1" type="stmt"/>
        <line num="8" count="1" type="stmt"/>
      </file>
    </package>
    <package name="usecase">
      <metrics statements="33" coveredstatements="33" conditionals="4" coveredconditionals="4" methods="18" coveredmethods="18"/>
      <file name="authenticate.usecase.ts" path="/Users/mauro.almeida/Projects/repositories/firebase-auth/src/core/usecase/authenticate.usecase.ts">
        <metrics statements="7" coveredstatements="7" conditionals="4" coveredconditionals="4" methods="2" coveredmethods="2"/>
        <line num="2" count="2" type="stmt"/>
        <line num="9" count="2" type="stmt"/>
        <line num="10" count="4" type="stmt"/>
        <line num="13" count="4" type="stmt"/>
        <line num="15" count="1" type="stmt"/>
        <line num="17" count="1" type="stmt"/>
        <line num="20" count="2" type="stmt"/>
      </file>
      <file name="banUser.usecase.ts" path="/Users/mauro.almeida/Projects/repositories/firebase-auth/src/core/usecase/banUser.usecase.ts">
        <metrics statements="5" coveredstatements="5" conditionals="0" coveredconditionals="0" methods="2" coveredmethods="2"/>
        <line num="4" count="1" type="stmt"/>
        <line num="6" count="1" type="stmt"/>
        <line num="7" count="1" type="stmt"/>
        <line num="10" count="1" type="stmt"/>
        <line num="16" count="1" type="stmt"/>
      </file>
      <file name="change-password.usecase.ts" path="/Users/mauro.almeida/Projects/repositories/firebase-auth/src/core/usecase/change-password.usecase.ts">
        <metrics statements="3" coveredstatements="3" conditionals="0" coveredconditionals="0" methods="2" coveredmethods="2"/>
        <line num="4" count="1" type="stmt"/>
        <line num="5" count="1" type="stmt"/>
        <line num="8" count="1" type="stmt"/>
      </file>
      <file name="delete-user.usecase.ts" path="/Users/mauro.almeida/Projects/repositories/firebase-auth/src/core/usecase/delete-user.usecase.ts">
        <metrics statements="3" coveredstatements="3" conditionals="0" coveredconditionals="0" methods="2" coveredmethods="2"/>
        <line num="4" count="1" type="stmt"/>
        <line num="5" count="1" type="stmt"/>
        <line num="8" count="1" type="stmt"/>
      </file>
      <file name="reset-password-email.usecase.ts" path="/Users/mauro.almeida/Projects/repositories/firebase-auth/src/core/usecase/reset-password-email.usecase.ts">
        <metrics statements="3" coveredstatements="3" conditionals="0" coveredconditionals="0" methods="2" coveredmethods="2"/>
        <line num="3" count="1" type="stmt"/>
        <line num="4" count="1" type="stmt"/>
        <line num="7" count="1" type="stmt"/>
      </file>
      <file name="sign-in.usecase.ts" path="/Users/mauro.almeida/Projects/repositories/firebase-auth/src/core/usecase/sign-in.usecase.ts">
        <metrics statements="3" coveredstatements="3" conditionals="0" coveredconditionals="0" methods="2" coveredmethods="2"/>
        <line num="5" count="1" type="stmt"/>
        <line num="6" count="1" type="stmt"/>
        <line num="9" count="1" type="stmt"/>
      </file>
      <file name="sign-out.usecase.ts" path="/Users/mauro.almeida/Projects/repositories/firebase-auth/src/core/usecase/sign-out.usecase.ts">
        <metrics statements="3" coveredstatements="3" conditionals="0" coveredconditionals="0" methods="2" coveredmethods="2"/>
        <line num="4" count="1" type="stmt"/>
        <line num="5" count="1" type="stmt"/>
        <line num="8" count="1" type="stmt"/>
      </file>
      <file name="sign-up.usecase.ts" path="/Users/mauro.almeida/Projects/repositories/firebase-auth/src/core/usecase/sign-up.usecase.ts">
        <metrics statements="3" coveredstatements="3" conditionals="0" coveredconditionals="0" methods="2" coveredmethods="2"/>
        <line num="5" count="1" type="stmt"/>
        <line num="6" count="1" type="stmt"/>
        <line num="9" count="1" type="stmt"/>
      </file>
      <file name="unbanUser.usecase.ts" path="/Users/mauro.almeida/Projects/repositories/firebase-auth/src/core/usecase/unbanUser.usecase.ts">
        <metrics statements="3" coveredstatements="3" conditionals="0" coveredconditionals="0" methods="2" coveredmethods="2"/>
        <line num="4" count="1" type="stmt"/>
        <line num="5" count="1" type="stmt"/>
        <line num="8" count="1" type="stmt"/>
      </file>
    </package>
  </project>
</coverage>
