{"/Users/mauro.almeida/Projects/repositories/firebase-auth/src/core/datasource/authentication.model.ts": {"path":"/Users/mauro.almeida/Projects/repositories/firebase-auth/src/core/datasource/authentication.model.ts","statementMap":{"0":{"start":{"line":9,"column":0},"end":{"line":9,"column":null}},"1":{"start":{"line":10,"column":2},"end":{"line":10,"column":null}},"2":{"start":{"line":11,"column":2},"end":{"line":11,"column":null}},"3":{"start":{"line":14,"column":0},"end":{"line":14,"column":null}},"4":{"start":{"line":15,"column":2},"end":{"line":15,"column":null}},"5":{"start":{"line":16,"column":2},"end":{"line":16,"column":null}},"6":{"start":{"line":17,"column":2},"end":{"line":17,"column":null}}},"fnMap":{"0":{"name":"(anonymous_0)","decl":{"start":{"line":9,"column":0},"end":{"line":9,"column":12}},"loc":{"start":{"line":9,"column":23},"end":{"line":12,"column":1}}},"1":{"name":"(anonymous_1)","decl":{"start":{"line":14,"column":0},"end":{"line":14,"column":12}},"loc":{"start":{"line":14,"column":25},"end":{"line":18,"column":1}}}},"branchMap":{"0":{"loc":{"start":{"line":9,"column":12},"end":{"line":9,"column":23}},"type":"binary-expr","locations":[{"start":{"line":9,"column":12},"end":{"line":9,"column":23}},{"start":{"line":9,"column":12},"end":{"line":9,"column":null}}]},"1":{"loc":{"start":{"line":14,"column":12},"end":{"line":14,"column":25}},"type":"binary-expr","locations":[{"start":{"line":14,"column":12},"end":{"line":14,"column":25}},{"start":{"line":14,"column":12},"end":{"line":14,"column":null}}]}},"s":{"0":4,"1":4,"2":4,"3":4,"4":4,"5":4,"6":4},"f":{"0":4,"1":4},"b":{"0":[4,4],"1":[4,4]}}
,"/Users/mauro.almeida/Projects/repositories/firebase-auth/src/core/presentation/handler/authenticate.handler.ts": {"path":"/Users/mauro.almeida/Projects/repositories/firebase-auth/src/core/presentation/handler/authenticate.handler.ts","statementMap":{"0":{"start":{"line":1,"column":0},"end":{"line":1,"column":73}},"1":{"start":{"line":5,"column":35},"end":{"line":10,"column":2}},"2":{"start":{"line":8,"column":33},"end":{"line":10,"column":2}},"3":{"start":{"line":9,"column":2},"end":{"line":9,"column":74}},"4":{"start":{"line":5,"column":13},"end":{"line":5,"column":35}}},"fnMap":{"0":{"name":"(anonymous_7)","decl":{"start":{"line":5,"column":35},"end":{"line":5,"column":null}},"loc":{"start":{"line":8,"column":33},"end":{"line":10,"column":2}}},"1":{"name":"(anonymous_8)","decl":{"start":{"line":8,"column":33},"end":{"line":8,"column":null}},"loc":{"start":{"line":8,"column":33},"end":{"line":10,"column":1}}}},"branchMap":{},"s":{"0":1,"1":1,"2":3,"3":3,"4":1},"f":{"0":3,"1":3},"b":{}}
,"/Users/mauro.almeida/Projects/repositories/firebase-auth/src/core/presentation/handler/banUser.handler.ts": {"path":"/Users/mauro.almeida/Projects/repositories/firebase-auth/src/core/presentation/handler/banUser.handler.ts","statementMap":{"0":{"start":{"line":3,"column":0},"end":{"line":3,"column":63}},"1":{"start":{"line":5,"column":30},"end":{"line":10,"column":2}},"2":{"start":{"line":8,"column":19},"end":{"line":10,"column":2}},"3":{"start":{"line":9,"column":2},"end":{"line":9,"column":69}},"4":{"start":{"line":5,"column":13},"end":{"line":5,"column":30}}},"fnMap":{"0":{"name":"(anonymous_7)","decl":{"start":{"line":5,"column":30},"end":{"line":5,"column":null}},"loc":{"start":{"line":8,"column":19},"end":{"line":10,"column":2}}},"1":{"name":"(anonymous_8)","decl":{"start":{"line":8,"column":19},"end":{"line":8,"column":null}},"loc":{"start":{"line":8,"column":19},"end":{"line":10,"column":1}}}},"branchMap":{},"s":{"0":1,"1":1,"2":1,"3":1,"4":1},"f":{"0":1,"1":1},"b":{}}
,"/Users/mauro.almeida/Projects/repositories/firebase-auth/src/core/presentation/handler/change-password.handler.ts": {"path":"/Users/mauro.almeida/Projects/repositories/firebase-auth/src/core/presentation/handler/change-password.handler.ts","statementMap":{"0":{"start":{"line":2,"column":0},"end":{"line":2,"column":78}},"1":{"start":{"line":4,"column":37},"end":{"line":9,"column":2}},"2":{"start":{"line":7,"column":19},"end":{"line":9,"column":2}},"3":{"start":{"line":8,"column":2},"end":{"line":8,"column":76}},"4":{"start":{"line":4,"column":13},"end":{"line":4,"column":37}}},"fnMap":{"0":{"name":"(anonymous_7)","decl":{"start":{"line":4,"column":37},"end":{"line":4,"column":null}},"loc":{"start":{"line":7,"column":19},"end":{"line":9,"column":2}}},"1":{"name":"(anonymous_8)","decl":{"start":{"line":7,"column":19},"end":{"line":7,"column":null}},"loc":{"start":{"line":7,"column":19},"end":{"line":9,"column":1}}}},"branchMap":{},"s":{"0":1,"1":1,"2":1,"3":1,"4":1},"f":{"0":1,"1":1},"b":{}}
,"/Users/mauro.almeida/Projects/repositories/firebase-auth/src/core/presentation/handler/delete-user.handler.ts": {"path":"/Users/mauro.almeida/Projects/repositories/firebase-auth/src/core/presentation/handler/delete-user.handler.ts","statementMap":{"0":{"start":{"line":2,"column":0},"end":{"line":2,"column":70}},"1":{"start":{"line":4,"column":33},"end":{"line":9,"column":2}},"2":{"start":{"line":7,"column":19},"end":{"line":9,"column":2}},"3":{"start":{"line":8,"column":2},"end":{"line":8,"column":72}},"4":{"start":{"line":4,"column":13},"end":{"line":4,"column":33}}},"fnMap":{"0":{"name":"(anonymous_7)","decl":{"start":{"line":4,"column":33},"end":{"line":4,"column":null}},"loc":{"start":{"line":7,"column":19},"end":{"line":9,"column":2}}},"1":{"name":"(anonymous_8)","decl":{"start":{"line":7,"column":19},"end":{"line":7,"column":null}},"loc":{"start":{"line":7,"column":19},"end":{"line":9,"column":1}}}},"branchMap":{},"s":{"0":1,"1":1,"2":1,"3":1,"4":1},"f":{"0":1,"1":1},"b":{}}
,"/Users/mauro.almeida/Projects/repositories/firebase-auth/src/core/presentation/handler/reset-password-email.handler.ts": {"path":"/Users/mauro.almeida/Projects/repositories/firebase-auth/src/core/presentation/handler/reset-password-email.handler.ts","statementMap":{"0":{"start":{"line":2,"column":0},"end":{"line":2,"column":87}},"1":{"start":{"line":4,"column":41},"end":{"line":11,"column":2}},"2":{"start":{"line":7,"column":19},"end":{"line":11,"column":2}},"3":{"start":{"line":8,"column":2},"end":{"line":10,"column":4}},"4":{"start":{"line":4,"column":13},"end":{"line":4,"column":41}}},"fnMap":{"0":{"name":"(anonymous_7)","decl":{"start":{"line":4,"column":41},"end":{"line":4,"column":null}},"loc":{"start":{"line":7,"column":19},"end":{"line":11,"column":2}}},"1":{"name":"(anonymous_8)","decl":{"start":{"line":7,"column":19},"end":{"line":7,"column":null}},"loc":{"start":{"line":7,"column":19},"end":{"line":11,"column":1}}}},"branchMap":{},"s":{"0":1,"1":1,"2":1,"3":1,"4":1},"f":{"0":1,"1":1},"b":{}}
,"/Users/mauro.almeida/Projects/repositories/firebase-auth/src/core/presentation/handler/sign-in.handler.ts": {"path":"/Users/mauro.almeida/Projects/repositories/firebase-auth/src/core/presentation/handler/sign-in.handler.ts","statementMap":{"0":{"start":{"line":1,"column":0},"end":{"line":1,"column":62}},"1":{"start":{"line":5,"column":29},"end":{"line":10,"column":2}},"2":{"start":{"line":8,"column":33},"end":{"line":10,"column":2}},"3":{"start":{"line":9,"column":2},"end":{"line":9,"column":68}},"4":{"start":{"line":5,"column":13},"end":{"line":5,"column":29}}},"fnMap":{"0":{"name":"(anonymous_7)","decl":{"start":{"line":5,"column":29},"end":{"line":5,"column":null}},"loc":{"start":{"line":8,"column":33},"end":{"line":10,"column":2}}},"1":{"name":"(anonymous_8)","decl":{"start":{"line":8,"column":33},"end":{"line":8,"column":null}},"loc":{"start":{"line":8,"column":33},"end":{"line":10,"column":1}}}},"branchMap":{},"s":{"0":1,"1":1,"2":1,"3":1,"4":1},"f":{"0":1,"1":1},"b":{}}
,"/Users/mauro.almeida/Projects/repositories/firebase-auth/src/core/presentation/handler/sign-out.handler.ts": {"path":"/Users/mauro.almeida/Projects/repositories/firebase-auth/src/core/presentation/handler/sign-out.handler.ts","statementMap":{"0":{"start":{"line":2,"column":0},"end":{"line":2,"column":64}},"1":{"start":{"line":4,"column":30},"end":{"line":9,"column":2}},"2":{"start":{"line":7,"column":19},"end":{"line":9,"column":2}},"3":{"start":{"line":8,"column":2},"end":{"line":8,"column":68}},"4":{"start":{"line":4,"column":13},"end":{"line":4,"column":30}}},"fnMap":{"0":{"name":"(anonymous_7)","decl":{"start":{"line":4,"column":30},"end":{"line":4,"column":null}},"loc":{"start":{"line":7,"column":19},"end":{"line":9,"column":2}}},"1":{"name":"(anonymous_8)","decl":{"start":{"line":7,"column":19},"end":{"line":7,"column":null}},"loc":{"start":{"line":7,"column":19},"end":{"line":9,"column":1}}}},"branchMap":{},"s":{"0":1,"1":1,"2":1,"3":1,"4":1},"f":{"0":1,"1":1},"b":{}}
,"/Users/mauro.almeida/Projects/repositories/firebase-auth/src/core/presentation/handler/sign-up.handler.ts": {"path":"/Users/mauro.almeida/Projects/repositories/firebase-auth/src/core/presentation/handler/sign-up.handler.ts","statementMap":{"0":{"start":{"line":1,"column":0},"end":{"line":1,"column":62}},"1":{"start":{"line":5,"column":29},"end":{"line":10,"column":2}},"2":{"start":{"line":8,"column":33},"end":{"line":10,"column":2}},"3":{"start":{"line":9,"column":2},"end":{"line":9,"column":68}},"4":{"start":{"line":5,"column":13},"end":{"line":5,"column":29}}},"fnMap":{"0":{"name":"(anonymous_7)","decl":{"start":{"line":5,"column":29},"end":{"line":5,"column":null}},"loc":{"start":{"line":8,"column":33},"end":{"line":10,"column":2}}},"1":{"name":"(anonymous_8)","decl":{"start":{"line":8,"column":33},"end":{"line":8,"column":null}},"loc":{"start":{"line":8,"column":33},"end":{"line":10,"column":1}}}},"branchMap":{},"s":{"0":1,"1":1,"2":1,"3":1,"4":1},"f":{"0":1,"1":1},"b":{}}
,"/Users/mauro.almeida/Projects/repositories/firebase-auth/src/core/presentation/handler/unbanUser.handler.ts": {"path":"/Users/mauro.almeida/Projects/repositories/firebase-auth/src/core/presentation/handler/unbanUser.handler.ts","statementMap":{"0":{"start":{"line":2,"column":0},"end":{"line":2,"column":67}},"1":{"start":{"line":4,"column":32},"end":{"line":9,"column":2}},"2":{"start":{"line":7,"column":19},"end":{"line":9,"column":2}},"3":{"start":{"line":8,"column":2},"end":{"line":8,"column":71}},"4":{"start":{"line":4,"column":13},"end":{"line":4,"column":32}}},"fnMap":{"0":{"name":"(anonymous_7)","decl":{"start":{"line":4,"column":32},"end":{"line":4,"column":null}},"loc":{"start":{"line":7,"column":19},"end":{"line":9,"column":2}}},"1":{"name":"(anonymous_8)","decl":{"start":{"line":7,"column":19},"end":{"line":7,"column":null}},"loc":{"start":{"line":7,"column":19},"end":{"line":9,"column":1}}}},"branchMap":{},"s":{"0":1,"1":1,"2":1,"3":1,"4":1},"f":{"0":1,"1":1},"b":{}}
,"/Users/mauro.almeida/Projects/repositories/firebase-auth/src/core/usecase/authenticate.usecase.ts": {"path":"/Users/mauro.almeida/Projects/repositories/firebase-auth/src/core/usecase/authenticate.usecase.ts","statementMap":{"0":{"start":{"line":2,"column":0},"end":{"line":2,"column":null}},"1":{"start":{"line":10,"column":22},"end":{"line":10,"column":72}},"2":{"start":{"line":13,"column":4},"end":{"line":21,"column":null}},"3":{"start":{"line":15,"column":8},"end":{"line":15,"column":79}},"4":{"start":{"line":17,"column":8},"end":{"line":17,"column":77}},"5":{"start":{"line":20,"column":8},"end":{"line":20,"column":71}},"6":{"start":{"line":9,"column":0},"end":{"line":9,"column":13}}},"fnMap":{"0":{"name":"(anonymous_7)","decl":{"start":{"line":10,"column":2},"end":{"line":10,"column":22}},"loc":{"start":{"line":10,"column":72},"end":{"line":10,"column":76}}},"1":{"name":"(anonymous_8)","decl":{"start":{"line":12,"column":15},"end":{"line":12,"column":22}},"loc":{"start":{"line":12,"column":47},"end":{"line":22,"column":null}}}},"branchMap":{"0":{"loc":{"start":{"line":14,"column":6},"end":{"line":15,"column":79}},"type":"switch","locations":[{"start":{"line":14,"column":6},"end":{"line":15,"column":79}},{"start":{"line":16,"column":6},"end":{"line":17,"column":77}},{"start":{"line":18,"column":6},"end":{"line":18,"column":30}},{"start":{"line":19,"column":6},"end":{"line":20,"column":71}}]}},"s":{"0":2,"1":4,"2":4,"3":1,"4":1,"5":2,"6":2},"f":{"0":4,"1":4},"b":{"0":[1,1,2,2]}}
,"/Users/mauro.almeida/Projects/repositories/firebase-auth/src/core/usecase/banUser.usecase.ts": {"path":"/Users/mauro.almeida/Projects/repositories/firebase-auth/src/core/usecase/banUser.usecase.ts","statementMap":{"0":{"start":{"line":4,"column":0},"end":{"line":4,"column":61}},"1":{"start":{"line":7,"column":22},"end":{"line":7,"column":72}},"2":{"start":{"line":10,"column":24},"end":{"line":15,"column":27}},"3":{"start":{"line":16,"column":4},"end":{"line":16,"column":65}},"4":{"start":{"line":6,"column":0},"end":{"line":6,"column":13}}},"fnMap":{"0":{"name":"(anonymous_7)","decl":{"start":{"line":7,"column":2},"end":{"line":7,"column":22}},"loc":{"start":{"line":7,"column":72},"end":{"line":7,"column":76}}},"1":{"name":"(anonymous_8)","decl":{"start":{"line":9,"column":15},"end":{"line":9,"column":22}},"loc":{"start":{"line":9,"column":42},"end":{"line":17,"column":null}}}},"branchMap":{},"s":{"0":1,"1":1,"2":1,"3":1,"4":1},"f":{"0":1,"1":1},"b":{}}
,"/Users/mauro.almeida/Projects/repositories/firebase-auth/src/core/usecase/change-password.usecase.ts": {"path":"/Users/mauro.almeida/Projects/repositories/firebase-auth/src/core/usecase/change-password.usecase.ts","statementMap":{"0":{"start":{"line":5,"column":22},"end":{"line":5,"column":72}},"1":{"start":{"line":8,"column":4},"end":{"line":11,"column":6}},"2":{"start":{"line":4,"column":0},"end":{"line":4,"column":13}}},"fnMap":{"0":{"name":"(anonymous_7)","decl":{"start":{"line":5,"column":2},"end":{"line":5,"column":22}},"loc":{"start":{"line":5,"column":72},"end":{"line":5,"column":76}}},"1":{"name":"(anonymous_8)","decl":{"start":{"line":7,"column":15},"end":{"line":7,"column":22}},"loc":{"start":{"line":7,"column":49},"end":{"line":12,"column":null}}}},"branchMap":{},"s":{"0":1,"1":1,"2":1},"f":{"0":1,"1":1},"b":{}}
,"/Users/mauro.almeida/Projects/repositories/firebase-auth/src/core/usecase/delete-user.usecase.ts": {"path":"/Users/mauro.almeida/Projects/repositories/firebase-auth/src/core/usecase/delete-user.usecase.ts","statementMap":{"0":{"start":{"line":5,"column":22},"end":{"line":5,"column":72}},"1":{"start":{"line":8,"column":4},"end":{"line":8,"column":62}},"2":{"start":{"line":4,"column":0},"end":{"line":4,"column":13}}},"fnMap":{"0":{"name":"(anonymous_7)","decl":{"start":{"line":5,"column":2},"end":{"line":5,"column":22}},"loc":{"start":{"line":5,"column":72},"end":{"line":5,"column":76}}},"1":{"name":"(anonymous_8)","decl":{"start":{"line":7,"column":15},"end":{"line":7,"column":22}},"loc":{"start":{"line":7,"column":44},"end":{"line":9,"column":null}}}},"branchMap":{},"s":{"0":1,"1":1,"2":1},"f":{"0":1,"1":1},"b":{}}
,"/Users/mauro.almeida/Projects/repositories/firebase-auth/src/core/usecase/reset-password-email.usecase.ts": {"path":"/Users/mauro.almeida/Projects/repositories/firebase-auth/src/core/usecase/reset-password-email.usecase.ts","statementMap":{"0":{"start":{"line":4,"column":22},"end":{"line":4,"column":72}},"1":{"start":{"line":7,"column":4},"end":{"line":7,"column":67}},"2":{"start":{"line":3,"column":0},"end":{"line":3,"column":13}}},"fnMap":{"0":{"name":"(anonymous_7)","decl":{"start":{"line":4,"column":2},"end":{"line":4,"column":22}},"loc":{"start":{"line":4,"column":72},"end":{"line":4,"column":76}}},"1":{"name":"(anonymous_8)","decl":{"start":{"line":6,"column":15},"end":{"line":6,"column":22}},"loc":{"start":{"line":6,"column":36},"end":{"line":8,"column":null}}}},"branchMap":{},"s":{"0":1,"1":1,"2":1},"f":{"0":1,"1":1},"b":{}}
,"/Users/mauro.almeida/Projects/repositories/firebase-auth/src/core/usecase/sign-in.usecase.ts": {"path":"/Users/mauro.almeida/Projects/repositories/firebase-auth/src/core/usecase/sign-in.usecase.ts","statementMap":{"0":{"start":{"line":6,"column":22},"end":{"line":6,"column":72}},"1":{"start":{"line":9,"column":4},"end":{"line":12,"column":6}},"2":{"start":{"line":5,"column":0},"end":{"line":5,"column":13}}},"fnMap":{"0":{"name":"(anonymous_7)","decl":{"start":{"line":6,"column":2},"end":{"line":6,"column":22}},"loc":{"start":{"line":6,"column":72},"end":{"line":6,"column":76}}},"1":{"name":"(anonymous_8)","decl":{"start":{"line":8,"column":15},"end":{"line":8,"column":22}},"loc":{"start":{"line":8,"column":41},"end":{"line":13,"column":null}}}},"branchMap":{},"s":{"0":1,"1":1,"2":1},"f":{"0":1,"1":1},"b":{}}
,"/Users/mauro.almeida/Projects/repositories/firebase-auth/src/core/usecase/sign-out.usecase.ts": {"path":"/Users/mauro.almeida/Projects/repositories/firebase-auth/src/core/usecase/sign-out.usecase.ts","statementMap":{"0":{"start":{"line":5,"column":22},"end":{"line":5,"column":72}},"1":{"start":{"line":8,"column":4},"end":{"line":8,"column":62}},"2":{"start":{"line":4,"column":0},"end":{"line":4,"column":13}}},"fnMap":{"0":{"name":"(anonymous_7)","decl":{"start":{"line":5,"column":2},"end":{"line":5,"column":22}},"loc":{"start":{"line":5,"column":72},"end":{"line":5,"column":76}}},"1":{"name":"(anonymous_8)","decl":{"start":{"line":7,"column":15},"end":{"line":7,"column":22}},"loc":{"start":{"line":7,"column":42},"end":{"line":9,"column":null}}}},"branchMap":{},"s":{"0":1,"1":1,"2":1},"f":{"0":1,"1":1},"b":{}}
,"/Users/mauro.almeida/Projects/repositories/firebase-auth/src/core/usecase/sign-up.usecase.ts": {"path":"/Users/mauro.almeida/Projects/repositories/firebase-auth/src/core/usecase/sign-up.usecase.ts","statementMap":{"0":{"start":{"line":6,"column":22},"end":{"line":6,"column":72}},"1":{"start":{"line":9,"column":4},"end":{"line":12,"column":6}},"2":{"start":{"line":5,"column":0},"end":{"line":5,"column":13}}},"fnMap":{"0":{"name":"(anonymous_7)","decl":{"start":{"line":6,"column":2},"end":{"line":6,"column":22}},"loc":{"start":{"line":6,"column":72},"end":{"line":6,"column":76}}},"1":{"name":"(anonymous_8)","decl":{"start":{"line":8,"column":15},"end":{"line":8,"column":22}},"loc":{"start":{"line":8,"column":41},"end":{"line":13,"column":null}}}},"branchMap":{},"s":{"0":1,"1":1,"2":1},"f":{"0":1,"1":1},"b":{}}
,"/Users/mauro.almeida/Projects/repositories/firebase-auth/src/core/usecase/unbanUser.usecase.ts": {"path":"/Users/mauro.almeida/Projects/repositories/firebase-auth/src/core/usecase/unbanUser.usecase.ts","statementMap":{"0":{"start":{"line":5,"column":22},"end":{"line":5,"column":72}},"1":{"start":{"line":8,"column":4},"end":{"line":8,"column":61}},"2":{"start":{"line":4,"column":0},"end":{"line":4,"column":13}}},"fnMap":{"0":{"name":"(anonymous_7)","decl":{"start":{"line":5,"column":2},"end":{"line":5,"column":22}},"loc":{"start":{"line":5,"column":72},"end":{"line":5,"column":76}}},"1":{"name":"(anonymous_8)","decl":{"start":{"line":7,"column":15},"end":{"line":7,"column":22}},"loc":{"start":{"line":7,"column":44},"end":{"line":9,"column":null}}}},"branchMap":{},"s":{"0":1,"1":1,"2":1},"f":{"0":1,"1":1},"b":{}}
}
